\BOOKMARK [0][-]{section*.1}{Declaration}{}% 1
\BOOKMARK [0][-]{section*.2}{Acknowledgement}{}% 2
\BOOKMARK [0][-]{section*.3}{Abstract}{}% 3
\BOOKMARK [0][-]{section*.3}{List\040of\040abbreviations,\040formulas\040and\040indexes}{}% 4
\BOOKMARK [0][-]{chapter.1}{Introduction}{}% 5
\BOOKMARK [1][-]{section.1.1}{Motivation}{chapter.1}% 6
\BOOKMARK [1][-]{section.1.2}{Objectives}{chapter.1}% 7
\BOOKMARK [1][-]{section.1.3}{Robot\040Operating\040System\(ROS\)}{chapter.1}% 8
\BOOKMARK [0][-]{chapter.2}{Literature\040Research}{}% 9
\BOOKMARK [1][-]{section.2.1}{ROS2\040Concepts}{chapter.2}% 10
\BOOKMARK [1][-]{section.2.2}{ROS1\040vs\040ROS2}{chapter.2}% 11
\BOOKMARK [1][-]{section.2.3}{Embedded\040Systems}{chapter.2}% 12
\BOOKMARK [1][-]{section.2.4}{Real\040Time\040Systems}{chapter.2}% 13
\BOOKMARK [1][-]{section.2.5}{Previous\040Research\040Results}{chapter.2}% 14
\BOOKMARK [0][-]{chapter.3}{Test\040Setup}{}% 15
\BOOKMARK [1][-]{section.3.1}{Testing\040micro-ROS}{chapter.3}% 16
\BOOKMARK [2][-]{subsection.3.1.1}{Components}{section.3.1}% 17
\BOOKMARK [2][-]{subsection.3.1.2}{Procedure}{section.3.1}% 18
\BOOKMARK [1][-]{section.3.2}{Testing\040ROS2}{chapter.3}% 19
\BOOKMARK [2][-]{subsection.3.2.1}{Components}{section.3.2}% 20
\BOOKMARK [2][-]{subsection.3.2.2}{Procedure}{section.3.2}% 21
\BOOKMARK [0][-]{chapter.4}{Results}{}% 22
\BOOKMARK [1][-]{section.4.1}{Latency\040Analysis\040in\040micro-ROS}{chapter.4}% 23
\BOOKMARK [1][-]{section.4.2}{Latency\040Analysis\040in\040ROS2}{chapter.4}% 24
\BOOKMARK [0][-]{chapter.5}{ADAS\040Applications\040using\040ROS2}{}% 25
\BOOKMARK [1][-]{section.5.1}{Lane\040Detection\040using\040Camera}{chapter.5}% 26
\BOOKMARK [1][-]{section.5.2}{Auto\040Stop\040using\040LIDAR}{chapter.5}% 27
\BOOKMARK [1][-]{section.5.3}{Driver\040Control\040using\040Keyboard}{chapter.5}% 28
\BOOKMARK [0][-]{chapter.6}{Conclusion\040and\040Future\040Scope}{}% 29
\BOOKMARK [0][-]{chapter.6}{List\040of\040Figures}{}% 30
\BOOKMARK [0][-]{chapter*.6}{List\040of\040Tables}{}% 31
\BOOKMARK [0][-]{chapter*.7}{Bibliography}{}% 32
