This is XeTeX, Version 3.14159265-2.6-0.99998 (TeX Live 2017/Debian) (preloaded format=xelatex 2019.11.28)  11 DEC 2019 12:08
entering extended mode
 restricted \write18 enabled.
 %&-line parsing enabled.
**title.tex
(./title.tex
LaTeX2e <2017-04-15>
Babel <3.18> and hyphenation patterns for 84 language(s) loaded.
(/usr/share/texlive/texmf-dist/tex/latex/koma-script/scrartcl.cls
Document Class: scrartcl 2017/09/07 v3.24 KOMA-Script document class (article)
(/usr/share/texlive/texmf-dist/tex/latex/koma-script/scrkbase.sty
Package: scrkbase 2017/09/07 v3.24 KOMA-Script package (KOMA-Script-dependent b
asics and keyval usage)

(/usr/share/texlive/texmf-dist/tex/latex/koma-script/scrbase.sty
Package: scrbase 2017/09/07 v3.24 KOMA-Script package (KOMA-Script-independent 
basics and keyval usage)

(/usr/share/texlive/texmf-dist/tex/latex/graphics/keyval.sty
Package: keyval 2014/10/28 v1.15 key=value parser (DPC)
\KV@toks@=\toks14
)
(/usr/share/texlive/texmf-dist/tex/latex/koma-script/scrlfile.sty
Package: scrlfile 2017/09/07 v3.24 KOMA-Script package (loading files)
)))
(/usr/share/texlive/texmf-dist/tex/latex/koma-script/tocbasic.sty
Package: tocbasic 2017/09/07 v3.24 KOMA-Script package (handling toc-files)
\scr@dte@tocline@numberwidth=\skip41
\scr@dte@tocline@numbox=\box26
)
Package tocbasic Info: omitting babel extension for `toc'
(tocbasic)             because of feature `nobabel' available
(tocbasic)             for `toc' on input line 133.
Package tocbasic Info: omitting babel extension for `lof'
(tocbasic)             because of feature `nobabel' available
(tocbasic)             for `lof' on input line 135.
Package tocbasic Info: omitting babel extension for `lot'
(tocbasic)             because of feature `nobabel' available
(tocbasic)             for `lot' on input line 136.
Class scrartcl Info: File `scrsize11pt.clo' used instead of
(scrartcl)           file `scrsize11.clo' to setup font sizes on input line 208
0.

(/usr/share/texlive/texmf-dist/tex/latex/koma-script/scrsize11pt.clo
File: scrsize11pt.clo 2017/09/07 v3.24 KOMA-Script font size class option (11pt
)
)
(/usr/share/texlive/texmf-dist/tex/latex/koma-script/typearea.sty
Package: typearea 2017/09/07 v3.24 KOMA-Script package (type area)
\ta@bcor=\skip42
\ta@div=\count79
\ta@hblk=\skip43
\ta@vblk=\skip44
\ta@temp=\skip45
\footheight=\skip46
Package typearea Info: These are the values describing the layout:
(typearea)             DIV  = 10
(typearea)             BCOR = 0.0pt
(typearea)             \paperwidth      = 597.50793pt
(typearea)              \textwidth      = 418.25555pt
(typearea)              DIV departure   = -6%
(typearea)              \evensidemargin = 17.3562pt
(typearea)              \oddsidemargin  = 17.3562pt
(typearea)             \paperheight     = 845.04694pt
(typearea)              \textheight     = 595.80026pt
(typearea)              \topmargin      = -25.16531pt
(typearea)              \headheight     = 17.0pt
(typearea)              \headsep        = 20.40001pt
(typearea)              \topskip        = 11.0pt
(typearea)              \footskip       = 47.6pt
(typearea)              \baselineskip   = 13.6pt
(typearea)              on input line 1686.
)
\c@part=\count80
\c@section=\count81
\c@subsection=\count82
\c@subsubsection=\count83
\c@paragraph=\count84
\c@subparagraph=\count85
\scr@dte@part@maxnumwidth=\skip47
\scr@dte@section@maxnumwidth=\skip48
\scr@dte@subsection@maxnumwidth=\skip49
\scr@dte@subsubsection@maxnumwidth=\skip50
\scr@dte@paragraph@maxnumwidth=\skip51
\scr@dte@subparagraph@maxnumwidth=\skip52
LaTeX Info: Redefining \textsubscript on input line 4161.
\abovecaptionskip=\skip53
\belowcaptionskip=\skip54
\c@pti@nb@sid@b@x=\box27
\c@figure=\count86
\c@table=\count87
Class scrartcl Info: Redefining `\numberline' on input line 5319.
\bibindent=\dimen102
)
(/usr/share/texlive/texmf-dist/tex/generic/babel/babel.sty
Package: babel 2018/02/14 3.18 The Babel package

(/usr/share/texlive/texmf-dist/tex/generic/babel/switch.def
File: switch.def 2018/02/14 3.18 Babel switching mechanism
)
(/usr/share/texlive/texmf-dist/tex/generic/babel-english/english.ldf
Language: english 2017/06/06 v3.3r English support from the babel system

(/usr/share/texlive/texmf-dist/tex/generic/babel/babel.def
File: babel.def 2018/02/14 3.18 Babel common definitions
\babel@savecnt=\count88
\U@D=\dimen103

(/usr/share/texlive/texmf-dist/tex/generic/babel/xebabel.def
(/usr/share/texlive/texmf-dist/tex/generic/babel/txtbabel.def))
\bbl@dirlevel=\count89
)
\l@canadian = a dialect from \language\l@american 
\l@australian = a dialect from \language\l@british 
\l@newzealand = a dialect from \language\l@british 
))
(../rwustyle/rwufont.sty
Package: rwufont 2019/11/26 RWU corporate font package

(/usr/share/texlive/texmf-dist/tex/latex/oberdiek/kvoptions.sty
Package: kvoptions 2016/05/16 v3.12 Key value format for package options (HO)

(/usr/share/texlive/texmf-dist/tex/generic/oberdiek/ltxcmds.sty
Package: ltxcmds 2016/05/16 v1.23 LaTeX kernel commands for general use (HO)
)
(/usr/share/texlive/texmf-dist/tex/generic/oberdiek/kvsetkeys.sty
Package: kvsetkeys 2016/05/16 v1.17 Key value parser (HO)

(/usr/share/texlive/texmf-dist/tex/generic/oberdiek/infwarerr.sty
Package: infwarerr 2016/05/16 v1.4 Providing info/warning/error messages (HO)
)
(/usr/share/texlive/texmf-dist/tex/generic/oberdiek/etexcmds.sty
Package: etexcmds 2016/05/16 v1.6 Avoid name clashes with e-TeX commands (HO)

(/usr/share/texlive/texmf-dist/tex/generic/oberdiek/ifluatex.sty
Package: ifluatex 2016/05/16 v1.4 Provides the ifluatex switch (HO)
Package ifluatex Info: LuaTeX not detected.
)
Package etexcmds Info: Could not find \expanded.
(etexcmds)             That can mean that you are not using pdfTeX 1.50 or
(etexcmds)             that some package has redefined \expanded.
(etexcmds)             In the latter case, load this package earlier.
)))
(/usr/share/texlive/texmf-dist/tex/latex/base/ifthen.sty
Package: ifthen 2014/09/29 v1.1c Standard LaTeX ifthen package (DPC)
)
(/usr/share/texlive/texmf-dist/tex/latex/fontspec/fontspec.sty
(/usr/share/texlive/texmf-dist/tex/latex/l3packages/xparse/xparse.sty
(/usr/share/texlive/texmf-dist/tex/latex/l3kernel/expl3.sty
Package: expl3 2018/02/21 L3 programming layer (loader) 

(/usr/share/texlive/texmf-dist/tex/latex/l3kernel/expl3-code.tex
Package: expl3 2018/02/21 L3 programming layer (code)
\c_max_int=\count90
\l_tmpa_int=\count91
\l_tmpb_int=\count92
\g_tmpa_int=\count93
\g_tmpb_int=\count94
\g__intarray_font_int=\count95
\g__prg_map_int=\count96
\c_log_iow=\count97
\l_iow_line_count_int=\count98
\l__iow_line_target_int=\count99
\l__iow_one_indent_int=\count100
\l__iow_indent_int=\count101
\c_zero_dim=\dimen104
\c_max_dim=\dimen105
\l_tmpa_dim=\dimen106
\l_tmpb_dim=\dimen107
\g_tmpa_dim=\dimen108
\g_tmpb_dim=\dimen109
\c_zero_skip=\skip55
\c_max_skip=\skip56
\l_tmpa_skip=\skip57
\l_tmpb_skip=\skip58
\g_tmpa_skip=\skip59
\g_tmpb_skip=\skip60
\c_zero_muskip=\muskip10
\c_max_muskip=\muskip11
\l_tmpa_muskip=\muskip12
\l_tmpb_muskip=\muskip13
\g_tmpa_muskip=\muskip14
\g_tmpb_muskip=\muskip15
\l_keys_choice_int=\count102
\c__fp_leading_shift_int=\count103
\c__fp_middle_shift_int=\count104
\c__fp_trailing_shift_int=\count105
\c__fp_big_leading_shift_int=\count106
\c__fp_big_middle_shift_int=\count107
\c__fp_big_trailing_shift_int=\count108
\c__fp_Bigg_leading_shift_int=\count109
\c__fp_Bigg_middle_shift_int=\count110
\c__fp_Bigg_trailing_shift_int=\count111
\l__sort_length_int=\count112
\l__sort_min_int=\count113
\l__sort_top_int=\count114
\l__sort_max_int=\count115
\l__sort_true_max_int=\count116
\l__sort_block_int=\count117
\l__sort_begin_int=\count118
\l__sort_end_int=\count119
\l__sort_A_int=\count120
\l__sort_B_int=\count121
\l__sort_C_int=\count122
\l__tl_build_start_index_int=\count123
\l__tl_build_index_int=\count124
\l__tl_analysis_normal_int=\count125
\l__tl_analysis_index_int=\count126
\l__tl_analysis_nesting_int=\count127
\l__tl_analysis_type_int=\count128
\l__regex_internal_a_int=\count129
\l__regex_internal_b_int=\count130
\l__regex_internal_c_int=\count131
\l__regex_balance_int=\count132
\l__regex_group_level_int=\count133
\l__regex_mode_int=\count134
\c__regex_cs_in_class_mode_int=\count135
\c__regex_cs_mode_int=\count136
\l__regex_catcodes_int=\count137
\l__regex_default_catcodes_int=\count138
\c__regex_catcode_L_int=\count139
\c__regex_catcode_O_int=\count140
\c__regex_catcode_A_int=\count141
\c__regex_all_catcodes_int=\count142
\l__regex_show_lines_int=\count143
\l__regex_min_state_int=\count144
\l__regex_max_state_int=\count145
\l__regex_left_state_int=\count146
\l__regex_right_state_int=\count147
\l__regex_capturing_group_int=\count148
\l__regex_min_pos_int=\count149
\l__regex_max_pos_int=\count150
\l__regex_curr_pos_int=\count151
\l__regex_start_pos_int=\count152
\l__regex_success_pos_int=\count153
\l__regex_curr_char_int=\count154
\l__regex_curr_catcode_int=\count155
\l__regex_last_char_int=\count156
\l__regex_case_changed_char_int=\count157
\l__regex_curr_state_int=\count158
\l__regex_step_int=\count159
\l__regex_min_active_int=\count160
\l__regex_max_active_int=\count161
\l__regex_replacement_csnames_int=\count162
\l__regex_match_count_int=\count163
\l__regex_min_submatch_int=\count164
\l__regex_submatch_int=\count165
\l__regex_zeroth_submatch_int=\count166
\g__regex_trace_regex_int=\count167
\c_empty_box=\box28
\l_tmpa_box=\box29
\l_tmpb_box=\box30
\g_tmpa_box=\box31
\g_tmpb_box=\box32
\l__box_top_dim=\dimen110
\l__box_bottom_dim=\dimen111
\l__box_left_dim=\dimen112
\l__box_right_dim=\dimen113
\l__box_top_new_dim=\dimen114
\l__box_bottom_new_dim=\dimen115
\l__box_left_new_dim=\dimen116
\l__box_right_new_dim=\dimen117
\l__box_internal_box=\box33
\l__coffin_internal_box=\box34
\l__coffin_internal_dim=\dimen118
\l__coffin_offset_x_dim=\dimen119
\l__coffin_offset_y_dim=\dimen120
\l__coffin_x_dim=\dimen121
\l__coffin_y_dim=\dimen122
\l__coffin_x_prime_dim=\dimen123
\l__coffin_y_prime_dim=\dimen124
\c_empty_coffin=\box35
\l__coffin_aligned_coffin=\box36
\l__coffin_aligned_internal_coffin=\box37
\l_tmpa_coffin=\box38
\l_tmpb_coffin=\box39
\l__coffin_display_coffin=\box40
\l__coffin_display_coord_coffin=\box41
\l__coffin_display_pole_coffin=\box42
\l__coffin_display_offset_dim=\dimen125
\l__coffin_display_x_dim=\dimen126
\l__coffin_display_y_dim=\dimen127
\l__coffin_bounding_shift_dim=\dimen128
\l__coffin_left_corner_dim=\dimen129
\l__coffin_right_corner_dim=\dimen130
\l__coffin_bottom_corner_dim=\dimen131
\l__coffin_top_corner_dim=\dimen132
\l__coffin_scaled_total_height_dim=\dimen133
\l__coffin_scaled_width_dim=\dimen134
)
(/usr/share/texlive/texmf-dist/tex/latex/l3kernel/l3xdvipdfmx.def
File: l3xdvidpfmx.def 2017/03/18 v L3 Experimental driver: xdvipdfmx
\g__driver_image_int=\count168
\l__driver_tmp_box=\box43
))
Package: xparse 2018/02/21 L3 Experimental document command parser
\l__xparse_current_arg_int=\count169
\g__xparse_grabber_int=\count170
\l__xparse_m_args_int=\count171
\l__xparse_mandatory_args_int=\count172
\l__xparse_v_nesting_int=\count173
)
Package: fontspec 2017/11/09 v2.6g Font selection for XeLaTeX and LuaLaTeX

(/usr/share/texlive/texmf-dist/tex/latex/fontspec/fontspec-xetex.sty
Package: fontspec-xetex 2017/11/09 v2.6g Font selection for XeLaTeX and LuaLaTe
X
\l__fontspec_script_int=\count174
\l__fontspec_language_int=\count175
\l__fontspec_strnum_int=\count176
\l__fontspec_tmp_int=\count177
\l__fontspec_em_int=\count178
\l__fontspec_emdef_int=\count179
\l__fontspec_strong_int=\count180
\l__fontspec_strongdef_int=\count181
\l__fontspec_tmpa_dim=\dimen135
\l__fontspec_tmpb_dim=\dimen136
\l__fontspec_tmpc_dim=\dimen137
\g__file_internal_ior=\read1

(/usr/share/texlive/texmf-dist/tex/latex/base/fontenc.sty
Package: fontenc 2017/04/05 v2.0i Standard LaTeX package

(/usr/share/texlive/texmf-dist/tex/latex/base/tuenc.def
File: tuenc.def 2017/04/05 v2.0i Standard LaTeX file
LaTeX Font Info:    Redeclaring font encoding TU on input line 82.
))
.................................................
. LaTeX info: "xparse/define-command"
. 
. Defining command \fontspec with sig. 'O{}mO{}' on line 542.
.................................................
.................................................
. LaTeX info: "xparse/define-command"
. 
. Defining command \setmainfont with sig. 'O{}mO{}' on line 546.
.................................................
.................................................
. LaTeX info: "xparse/define-command"
. 
. Defining command \setsansfont with sig. 'O{}mO{}' on line 550.
.................................................
.................................................
. LaTeX info: "xparse/define-command"
. 
. Defining command \setmonofont with sig. 'O{}mO{}' on line 554.
.................................................
.................................................
. LaTeX info: "xparse/define-command"
. 
. Defining command \setmathrm with sig. 'O{}mO{}' on line 558.
.................................................
.................................................
. LaTeX info: "xparse/define-command"
. 
. Defining command \setboldmathrm with sig. 'O{}mO{}' on line 562.
.................................................
.................................................
. LaTeX info: "xparse/define-command"
. 
. Defining command \setmathsf with sig. 'O{}mO{}' on line 566.
.................................................
.................................................
. LaTeX info: "xparse/define-command"
. 
. Defining command \setmathtt with sig. 'O{}mO{}' on line 570.
.................................................
.................................................
. LaTeX info: "xparse/define-command"
. 
. Defining command \setromanfont with sig. 'O{}mO{}' on line 574.
.................................................
.................................................
. LaTeX info: "xparse/define-command"
. 
. Defining command \newfontfamily with sig. 'mO{}mO{}' on line 578.
.................................................
.................................................
. LaTeX info: "xparse/define-command"
. 
. Defining command \newfontface with sig. 'mO{}mO{}' on line 582.
.................................................
.................................................
. LaTeX info: "xparse/define-command"
. 
. Defining command \defaultfontfeatures with sig. 't+om' on line 586.
.................................................
.................................................
. LaTeX info: "xparse/define-command"
. 
. Defining command \addfontfeatures with sig. 'm' on line 590.
.................................................
.................................................
. LaTeX info: "xparse/define-command"
. 
. Defining command \addfontfeature with sig. 'm' on line 594.
.................................................
.................................................
. LaTeX info: "xparse/define-command"
. 
. Defining command \newfontfeature with sig. 'mm' on line 598.
.................................................
.................................................
. LaTeX info: "xparse/define-command"
. 
. Defining command \newAATfeature with sig. 'mmmm' on line 602.
.................................................
.................................................
. LaTeX info: "xparse/define-command"
. 
. Defining command \newopentypefeature with sig. 'mmm' on line 606.
.................................................
.................................................
. LaTeX info: "xparse/define-command"
. 
. Defining command \newICUfeature with sig. 'mmm' on line 610.
.................................................
.................................................
. LaTeX info: "xparse/define-command"
. 
. Defining command \aliasfontfeature with sig. 'mm' on line 614.
.................................................
.................................................
. LaTeX info: "xparse/define-command"
. 
. Defining command \aliasfontfeatureoption with sig. 'mmm' on line 618.
.................................................
.................................................
. LaTeX info: "xparse/define-command"
. 
. Defining command \newfontscript with sig. 'mm' on line 622.
.................................................
.................................................
. LaTeX info: "xparse/define-command"
. 
. Defining command \newfontlanguage with sig. 'mm' on line 626.
.................................................
.................................................
. LaTeX info: "xparse/define-command"
. 
. Defining command \DeclareFontsExtensions with sig. 'm' on line 630.
.................................................
.................................................
. LaTeX info: "xparse/define-command"
. 
. Defining command \IfFontFeatureActiveTF with sig. 'mmm' on line 634.
.................................................
.................................................
. LaTeX info: "xparse/define-command"
. 
. Defining command \EncodingCommand with sig. 'mO{}m' on line 3632.
.................................................
.................................................
. LaTeX info: "xparse/define-command"
. 
. Defining command \EncodingAccent with sig. 'mm' on line 3638.
.................................................
.................................................
. LaTeX info: "xparse/define-command"
. 
. Defining command \EncodingSymbol with sig. 'mm' on line 3644.
.................................................
.................................................
. LaTeX info: "xparse/define-command"
. 
. Defining command \EncodingComposite with sig. 'mmm' on line 3650.
.................................................
.................................................
. LaTeX info: "xparse/define-command"
. 
. Defining command \EncodingCompositeCommand with sig. 'mmm' on line 3656.
.................................................
.................................................
. LaTeX info: "xparse/define-command"
. 
. Defining command \DeclareUnicodeEncoding with sig. 'mm' on line 3681.
.................................................
.................................................
. LaTeX info: "xparse/define-command"
. 
. Defining command \UndeclareSymbol with sig. 'm' on line 3687.
.................................................
.................................................
. LaTeX info: "xparse/define-command"
. 
. Defining command \UndeclareAccent with sig. 'm' on line 3693.
.................................................
.................................................
. LaTeX info: "xparse/define-command"
. 
. Defining command \UndeclareCommand with sig. 'm' on line 3699.
.................................................
.................................................
. LaTeX info: "xparse/define-command"
. 
. Defining command \UndeclareComposite with sig. 'mm' on line 3706.
.................................................

(/usr/share/texlive/texmf-dist/tex/latex/fontspec/fontspec.cfg)
LaTeX Info: Redefining \itshape on input line 3891.
LaTeX Info: Redefining \slshape on input line 3896.
LaTeX Info: Redefining \scshape on input line 3901.
LaTeX Info: Redefining \upshape on input line 3906.
LaTeX Info: Redefining \em on input line 3936.
LaTeX Info: Redefining \emph on input line 3961.
LaTeX Info: Redefining \- on input line 4015.
.................................................
. LaTeX info: "xparse/redefine-command"
. 
. Redefining command \oldstylenums with sig. 'm' on line 4110.
.................................................
.................................................
. LaTeX info: "xparse/define-command"
. 
. Defining command \liningnums with sig. 'm' on line 4114.
.................................................
))
\g__fontspec_family_BarlowSemiCondensed_int=\count182
.................................................
. fontspec info: "defining-font"
. 
. Font family 'BarlowSemiCondensed(0)' created for font 'Barlow Semi
. Condensed' with options [Ligatures=TeX,Ligatures=TeX].
.  
.  This font family consists of the following NFSS series/shapes:
.  
. - 'normal' (m/n) with NFSS spec.: <->"Barlow Semi
. Condensed/OT:script=latn;language=DFLT;mapping=tex-text;"
. - 'small caps'  (m/sc) with NFSS spec.: <->"Barlow Semi
. Condensed/OT:script=latn;language=DFLT;+smcp;mapping=tex-text;"
. - 'bold' (bx/n) with NFSS spec.: <->"Barlow Semi
. Condensed/B/OT:script=latn;language=DFLT;mapping=tex-text;"
. - 'bold small caps'  (bx/sc) with NFSS spec.: <->"Barlow Semi
. Condensed/B/OT:script=latn;language=DFLT;+smcp;mapping=tex-text;"
. - 'italic' (m/it) with NFSS spec.: <->"Barlow Semi
. Condensed/I/OT:script=latn;language=DFLT;mapping=tex-text;"
. - 'italic small caps'  (m/itsc) with NFSS spec.: <->"Barlow Semi
. Condensed/I/OT:script=latn;language=DFLT;+smcp;mapping=tex-text;"
. - 'bold italic' (bx/it) with NFSS spec.: <->"Barlow Semi
. Condensed/BI/OT:script=latn;language=DFLT;mapping=tex-text;"
. - 'bold italic small caps'  (bx/itsc) with NFSS spec.: <->"Barlow Semi
. Condensed/BI/OT:script=latn;language=DFLT;+smcp;mapping=tex-text;"
.................................................
LaTeX Info: Redefining \sffamily on input line 17.
LaTeX Info: Redefining \rmfamily on input line 36.
)
(../rwustyle/rwudefs.sty
Package: rwudefs 2019/11/26 RWU logo and color definitions
File: rwulogo.eps 2019/11/26 RWU logo as Encapsulated PostScipt file

(/usr/share/texlive/texmf-dist/tex/latex/graphics/graphicx.sty
Package: graphicx 2017/06/01 v1.1a Enhanced LaTeX Graphics (DPC,SPQR)

(/usr/share/texlive/texmf-dist/tex/latex/graphics/graphics.sty
Package: graphics 2017/06/25 v1.2c Standard LaTeX Graphics (DPC,SPQR)

(/usr/share/texlive/texmf-dist/tex/latex/graphics/trig.sty
Package: trig 2016/01/03 v1.10 sin cos tan (DPC)
)
(/usr/share/texlive/texmf-dist/tex/latex/graphics-cfg/graphics.cfg
File: graphics.cfg 2016/06/04 v1.11 sample graphics configuration
)
Package graphics Info: Driver file: xetex.def on input line 99.

(/usr/share/texlive/texmf-dist/tex/latex/graphics-def/xetex.def
File: xetex.def 2017/06/24 v5.0h Graphics/color driver for xetex
))
\Gin@req@height=\dimen138
\Gin@req@width=\dimen139
)
(/usr/share/texlive/texmf-dist/tex/latex/xcolor/xcolor.sty
Package: xcolor 2016/05/11 v2.12 LaTeX color extensions (UK)

(/usr/share/texlive/texmf-dist/tex/latex/graphics-cfg/color.cfg
File: color.cfg 2016/01/02 v1.6 sample color configuration
)
Package xcolor Info: Driver file: xetex.def on input line 225.
Package xcolor Info: Model `cmy' substituted by `cmy0' on input line 1348.
Package xcolor Info: Model `RGB' extended on input line 1364.
Package xcolor Info: Model `HTML' substituted by `rgb' on input line 1366.
Package xcolor Info: Model `Hsb' substituted by `hsb' on input line 1367.
Package xcolor Info: Model `tHsb' substituted by `hsb' on input line 1368.
Package xcolor Info: Model `HSB' substituted by `hsb' on input line 1369.
Package xcolor Info: Model `Gray' substituted by `gray' on input line 1370.
Package xcolor Info: Model `wave' substituted by `hsb' on input line 1371.
))
(/usr/share/texlive/texmf-dist/tex/latex/hyperref/hyperref.sty
Package: hyperref 2018/02/06 v6.86b Hypertext links for LaTeX

(/usr/share/texlive/texmf-dist/tex/generic/oberdiek/hobsub-hyperref.sty
Package: hobsub-hyperref 2016/05/16 v1.14 Bundle oberdiek, subset hyperref (HO)


(/usr/share/texlive/texmf-dist/tex/generic/oberdiek/hobsub-generic.sty
Package: hobsub-generic 2016/05/16 v1.14 Bundle oberdiek, subset generic (HO)
Package: hobsub 2016/05/16 v1.14 Construct package bundles (HO)
Package hobsub Info: Skipping package `infwarerr' (already loaded).
Package hobsub Info: Skipping package `ltxcmds' (already loaded).
Package hobsub Info: Skipping package `ifluatex' (already loaded).
Package: ifvtex 2016/05/16 v1.6 Detect VTeX and its facilities (HO)
Package ifvtex Info: VTeX not detected.
Package: intcalc 2016/05/16 v1.2 Expandable calculations with integers (HO)
Package: ifpdf 2017/03/15 v3.2 Provides the ifpdf switch
Package hobsub Info: Skipping package `etexcmds' (already loaded).
Package hobsub Info: Skipping package `kvsetkeys' (already loaded).
Package: kvdefinekeys 2016/05/16 v1.4 Define keys (HO)
Package: pdftexcmds 2018/01/21 v0.26 Utility functions of pdfTeX for LuaTeX (HO
)
Package pdftexcmds Info: LuaTeX not detected.
Package pdftexcmds Info: pdfTeX >= 1.30 not detected.
Package pdftexcmds Info: \pdf@primitive is available.
Package pdftexcmds Info: \pdf@ifprimitive is available.
Package pdftexcmds Info: \pdfdraftmode not found.
Package: pdfescape 2016/05/16 v1.14 Implements pdfTeX's escape features (HO)
Package: bigintcalc 2016/05/16 v1.4 Expandable calculations on big integers (HO
)
Package: bitset 2016/05/16 v1.2 Handle bit-vector datatype (HO)
Package: uniquecounter 2016/05/16 v1.3 Provide unlimited unique counter (HO)
)
Package hobsub Info: Skipping package `hobsub' (already loaded).
Package: letltxmacro 2016/05/16 v1.5 Let assignment for LaTeX macros (HO)
Package: hopatch 2016/05/16 v1.3 Wrapper for package hooks (HO)
Package: xcolor-patch 2016/05/16 xcolor patch
Package: atveryend 2016/05/16 v1.9 Hooks at the very end of document (HO)
Package atveryend Info: \enddocument detected (standard20110627).
Package: atbegshi 2016/06/09 v1.18 At begin shipout hook (HO)
Package: refcount 2016/05/16 v3.5 Data extraction from label references (HO)
Package: hycolor 2016/05/16 v1.8 Color options for hyperref/bookmark (HO)
)
(/usr/share/texlive/texmf-dist/tex/generic/ifxetex/ifxetex.sty
Package: ifxetex 2010/09/12 v0.6 Provides ifxetex conditional
)
(/usr/share/texlive/texmf-dist/tex/latex/oberdiek/auxhook.sty
Package: auxhook 2016/05/16 v1.4 Hooks for auxiliary files (HO)
)
\@linkdim=\dimen140
\Hy@linkcounter=\count183
\Hy@pagecounter=\count184

(/usr/share/texlive/texmf-dist/tex/latex/hyperref/pd1enc.def
File: pd1enc.def 2018/02/06 v6.86b Hyperref: PDFDocEncoding definition (HO)
)
\Hy@SavedSpaceFactor=\count185

(/usr/share/texlive/texmf-dist/tex/latex/latexconfig/hyperref.cfg
File: hyperref.cfg 2002/06/06 v1.2 hyperref configuration of TeXLive
)
Package hyperref Info: Option `pdfusetitle' set `true' on input line 4383.
Package hyperref Info: Hyper figures OFF on input line 4509.
Package hyperref Info: Link nesting OFF on input line 4514.
Package hyperref Info: Hyper index ON on input line 4517.
Package hyperref Info: Plain pages OFF on input line 4524.
Package hyperref Info: Backreferencing OFF on input line 4529.
Package hyperref Info: Implicit mode ON; LaTeX internals redefined.
Package hyperref Info: Bookmarks ON on input line 4762.
\c@Hy@tempcnt=\count186

(/usr/share/texlive/texmf-dist/tex/latex/url/url.sty
\Urlmuskip=\muskip16
Package: url 2013/09/16  ver 3.4  Verb mode for urls, etc.
)
LaTeX Info: Redefining \url on input line 5115.
\XeTeXLinkMargin=\dimen141
\Fld@menulength=\count187
\Field@Width=\dimen142
\Fld@charsize=\dimen143
Package hyperref Info: Hyper figures OFF on input line 6369.
Package hyperref Info: Link nesting OFF on input line 6374.
Package hyperref Info: Hyper index ON on input line 6377.
Package hyperref Info: backreferencing OFF on input line 6384.
Package hyperref Info: Link coloring OFF on input line 6389.
Package hyperref Info: Link coloring with OCG OFF on input line 6394.
Package hyperref Info: PDF/A mode OFF on input line 6399.
LaTeX Info: Redefining \ref on input line 6439.
LaTeX Info: Redefining \pageref on input line 6443.
\Hy@abspage=\count188
\c@Item=\count189
\c@Hfootnote=\count190
)
Package hyperref Info: Driver (autodetected): hxetex.

(/usr/share/texlive/texmf-dist/tex/latex/hyperref/hxetex.def
File: hxetex.def 2018/02/06 v6.86b Hyperref driver for XeTeX

(/usr/share/texlive/texmf-dist/tex/latex/hyperref/puenc.def
File: puenc.def 2018/02/06 v6.86b Hyperref: PDF Unicode definition (HO)
)
(/usr/share/texlive/texmf-dist/tex/generic/oberdiek/stringenc.sty
Package: stringenc 2016/05/16 v1.11 Convert strings between diff. encodings (HO
)
)
\pdfm@box=\box44
\c@Hy@AnnotLevel=\count191
\HyField@AnnotCount=\count192
\Fld@listcount=\count193
\c@bookmark@seq@number=\count194

(/usr/share/texlive/texmf-dist/tex/latex/oberdiek/rerunfilecheck.sty
Package: rerunfilecheck 2016/05/16 v1.8 Rerun checks for auxiliary files (HO)
Package rerunfilecheck Info: Feature \pdfmdfivesum is not available
(rerunfilecheck)             (e.g. pdfTeX or LuaTeX with package `pdftexcmds').

(rerunfilecheck)             Therefore file contents cannot be checked efficien
tly
(rerunfilecheck)             and the loading of the package is aborted.
)
\Hy@SectionHShift=\skip61
)
(/usr/share/texlive/texmf-dist/tex/latex/lipsum/lipsum.sty
Package: lipsum 2014/07/27 v1.3 150 paragraphs of Lorem Ipsum dummy text
\c@lips@count=\count195
)
(/usr/share/texlive/texmf-dist/tex/latex/caption/caption.sty
Package: caption 2016/02/21 v3.3-144 Customizing captions (AR)

(/usr/share/texlive/texmf-dist/tex/latex/caption/caption3.sty
Package: caption3 2016/05/22 v1.7-166 caption3 kernel (AR)
Package caption3 Info: TeX engine: e-TeX on input line 67.
\captionmargin=\dimen144
\captionmargin@=\dimen145
\captionwidth=\dimen146
\caption@tempdima=\dimen147
\caption@indent=\dimen148
\caption@parindent=\dimen149
\caption@hangindent=\dimen150
)
Package caption Info: KOMA-Script document class.
\c@ContinuedFloat=\count196
Package caption Info: hyperref package is loaded.
)
(/usr/share/texlive/texmf-dist/tex/latex/adjustbox/adjustbox.sty
Package: adjustbox 2012/05/21 v1.0 Adjusting TeX boxes (trim, clip, ...)

(/usr/share/texlive/texmf-dist/tex/latex/xkeyval/xkeyval.sty
Package: xkeyval 2014/12/03 v2.7a package option processing (HA)

(/usr/share/texlive/texmf-dist/tex/generic/xkeyval/xkeyval.tex
(/usr/share/texlive/texmf-dist/tex/generic/xkeyval/xkvutils.tex
\XKV@toks=\toks15
\XKV@tempa@toks=\toks16
)
\XKV@depth=\count197
File: xkeyval.tex 2014/12/03 v2.7a key=value parser (HA)
))
(/usr/share/texlive/texmf-dist/tex/latex/adjustbox/adjcalc.sty
Package: adjcalc 2012/05/16 v1.1 Provides advanced setlength with multiple back
-ends (calc, etex, pgfmath)
)
(/usr/share/texlive/texmf-dist/tex/latex/adjustbox/trimclip.sty
Package: trimclip 2012/05/16 v1.0 Trim and clip general TeX material

(/usr/share/texlive/texmf-dist/tex/latex/collectbox/collectbox.sty
Package: collectbox 2012/05/17 v0.4b Collect macro arguments as boxes
\collectedbox=\box45
)
\tc@llx=\dimen151
\tc@lly=\dimen152
\tc@urx=\dimen153
\tc@ury=\dimen154
Package trimclip Info: Using driver 'tc-xetex.def'.

(/usr/share/texlive/texmf-dist/tex/latex/adjustbox/tc-xetex.def
File: tc-xetex.def 2012/05/13 v1.0 Clipping driver for xetex
))
\adjbox@Width=\dimen155
\adjbox@Height=\dimen156
\adjbox@Depth=\dimen157
\adjbox@Totalheight=\dimen158

(/usr/share/texlive/texmf-dist/tex/latex/ifoddpage/ifoddpage.sty
Package: ifoddpage 2016/04/23 v1.1 Conditionals for odd/even page detection
\c@checkoddpage=\count198
)
(/usr/share/texlive/texmf-dist/tex/latex/varwidth/varwidth.sty
Package: varwidth 2009/03/30 ver 0.92;  Variable-width minipages
\@vwid@box=\box46
\sift@deathcycles=\count199
\@vwid@loff=\dimen159
\@vwid@roff=\dimen160
))
(/usr/share/texlive/texmf-dist/tex/latex/booktabs/booktabs.sty
Package: booktabs 2016/04/27 v1.618033 publication quality tables
\heavyrulewidth=\dimen161
\lightrulewidth=\dimen162
\cmidrulewidth=\dimen163
\belowrulesep=\dimen164
\belowbottomsep=\dimen165
\aboverulesep=\dimen166
\abovetopsep=\dimen167
\cmidrulesep=\dimen168
\cmidrulekern=\dimen169
\defaultaddspace=\dimen170
\@cmidla=\count266
\@cmidlb=\count267
\@aboverulesep=\dimen171
\@belowrulesep=\dimen172
\@thisruleclass=\count268
\@lastruleclass=\count269
\@thisrulewidth=\dimen173
)
(/usr/share/texlive/texmf-dist/tex/latex/tools/tabularx.sty
Package: tabularx 2016/02/03 v2.11 `tabularx' package (DPC)

(/usr/share/texlive/texmf-dist/tex/latex/tools/array.sty
Package: array 2016/10/06 v2.4d Tabular extension package (FMi)
\col@sep=\dimen174
\extrarowheight=\dimen175
\NC@list=\toks17
\extratabsurround=\skip62
\backup@length=\skip63
)
\TX@col@width=\dimen176
\TX@old@table=\dimen177
\TX@old@col=\dimen178
\TX@target=\dimen179
\TX@delta=\dimen180
\TX@cols=\count270
\TX@ftn=\toks18
)
(/usr/share/texlive/texmf-dist/tex/latex/siunitx/siunitx.sty
Package: siunitx 2017/11/26 v2.7k A comprehensive (SI) units package

(/usr/share/texlive/texmf-dist/tex/latex/amsmath/amstext.sty
Package: amstext 2000/06/29 v2.01 AMS text

(/usr/share/texlive/texmf-dist/tex/latex/amsmath/amsgen.sty
File: amsgen.sty 1999/11/30 v2.0 generic functions
\@emptytoks=\toks19
\ex@=\dimen181
))
(/usr/share/texlive/texmf-dist/tex/latex/l3packages/l3keys2e/l3keys2e.sty
Package: l3keys2e 2018/02/21 LaTeX2e option processing using LaTeX3 keys
)
\l__siunitx_tmp_box=\box47
\l__siunitx_tmp_dim=\dimen182
\l__siunitx_tmp_int=\count271
\l__siunitx_number_mantissa_length_int=\count272
\l__siunitx_number_uncert_length_int=\count273
\l__siunitx_round_int=\count274
\l__siunitx_process_decimal_int=\count275
\l__siunitx_process_uncertainty_int=\count276
\l__siunitx_process_fixed_int=\count277
\l__siunitx_process_integer_min_int=\count278
\l__siunitx_process_precision_int=\count279
\l__siunitx_group_min_int=\count280
\l__siunitx_angle_marker_box=\box48
\l__siunitx_angle_unit_box=\box49
\l__siunitx_angle_marker_dim=\dimen183
\l__siunitx_angle_unit_dim=\dimen184
\l__siunitx_unit_int=\count281
\l__siunitx_unit_denominator_int=\count282
\l__siunitx_unit_numerator_int=\count283
\l__siunitx_unit_prefix_int=\count284
\l__siunitx_unit_prefix_base_int=\count285
\l__siunitx_unit_prefix_gram_int=\count286
\l__siunitx_number_product_int=\count287
\c__siunitx_one_fill_skip=\skip64
\l__siunitx_table_unit_align_skip=\skip65
\l__siunitx_table_exponent_dim=\dimen185
\l__siunitx_table_integer_dim=\dimen186
\l__siunitx_table_mantissa_dim=\dimen187
\l__siunitx_table_marker_dim=\dimen188
\l__siunitx_table_result_dim=\dimen189
\l__siunitx_table_uncert_dim=\dimen190
\l__siunitx_table_fill_pre_dim=\dimen191
\l__siunitx_table_fill_post_dim=\dimen192
\l__siunitx_table_fill_mid_dim=\dimen193
\l__siunitx_table_pre_box=\box50
\l__siunitx_table_post_box=\box51
\l__siunitx_table_mantissa_box=\box52
\l__siunitx_table_result_box=\box53
\l__siunitx_table_number_align_skip=\skip66
\l__siunitx_table_text_align_skip=\skip67
.................................................
. LaTeX info: "xparse/define-command"
. 
. Defining command \DeclareBinaryPrefix with sig. 'mmm' on line 7250.
.................................................
.................................................
. LaTeX info: "xparse/define-command"
. 
. Defining command \DeclareSIPostPower with sig. 'mm' on line 7253.
.................................................
.................................................
. LaTeX info: "xparse/define-command"
. 
. Defining command \DeclareSIPrefix with sig. 'mmm' on line 7256.
.................................................
.................................................
. LaTeX info: "xparse/define-command"
. 
. Defining command \DeclareSIPrePower with sig. 'mm' on line 7259.
.................................................
.................................................
. LaTeX info: "xparse/define-command"
. 
. Defining command \DeclareSIQualifier with sig. 'mm' on line 7262.
.................................................
.................................................
. LaTeX info: "xparse/define-command"
. 
. Defining command \DeclareSIUnit with sig. 'O{}mm' on line 7265.
.................................................
.................................................
. LaTeX info: "xparse/define-command"
. 
. Defining command \DeclareSIUnitWithOptions with sig. 'mmm' on line 7268.
.................................................
.................................................
. LaTeX info: "xparse/define-command"
. 
. Defining command \ang with sig. 'o>{\SplitArgument {2}{;}}m' on line 7283.
.................................................
.................................................
. LaTeX info: "xparse/define-command"
. 
. Defining command \num with sig. 'om' on line 7292.
.................................................
.................................................
. LaTeX info: "xparse/define-command"
. 
. Defining command \numlist with sig. 'o>{\SplitList {;}}m' on line 7301.
.................................................
.................................................
. LaTeX info: "xparse/define-command"
. 
. Defining command \numrange with sig. 'omm' on line 7310.
.................................................
.................................................
. LaTeX info: "xparse/define-command"
. 
. Defining command \SIlist with sig. 'o>{\SplitList {;}}mm' on line 7322.
.................................................
.................................................
. LaTeX info: "xparse/define-command"
. 
. Defining command \SIrange with sig. 'ommm' on line 7334.
.................................................
.................................................
. LaTeX info: "xparse/define-command"
. 
. Defining command \SI with sig. 'omom' on line 7346.
.................................................
.................................................
. LaTeX info: "xparse/define-command"
. 
. Defining command \sisetup with sig. 'm' on line 7349.
.................................................
.................................................
. LaTeX info: "xparse/define-command"
. 
. Defining command \tablenum with sig. 'om' on line 7364.
.................................................
.................................................
. LaTeX info: "xparse/define-command"
. 
. Defining command \si with sig. 'om' on line 7376.
.................................................
.................................................
. LaTeX info: "xparse/define-command"
. 
. Defining command \numInBookmark with sig. 'om' on line 7423.
.................................................
.................................................
. LaTeX info: "xparse/define-command"
. 
. Defining command \numrangeInBookmark with sig. 'omm' on line 7425.
.................................................
.................................................
. LaTeX info: "xparse/define-command"
. 
. Defining command \SIInBookmark with sig. 'omom' on line 7427.
.................................................
.................................................
. LaTeX info: "xparse/define-command"
. 
. Defining command \SIlistInBookmark with sig. 'omm' on line 7429.
.................................................
.................................................
. LaTeX info: "xparse/define-command"
. 
. Defining command \SIrangeInBookmark with sig. 'ommm' on line 7431.
.................................................
.................................................
. LaTeX info: "xparse/define-command"
. 
. Defining command \siInBookmark with sig. 'om' on line 7432.
.................................................

(/usr/share/texlive/texmf-dist/tex/latex/translator/translator.sty
Package: translator 2018/01/04 v1.12 Easy translation of strings in LaTeX
))
(/usr/share/texlive/texmf-dist/tex/latex/tools/longtable.sty
Package: longtable 2014/10/28 v4.11 Multi-page Table package (DPC)
\LTleft=\skip68
\LTright=\skip69
\LTpre=\skip70
\LTpost=\skip71
\LTchunksize=\count288
\LTcapwidth=\dimen194
\LT@head=\box54
\LT@firsthead=\box55
\LT@foot=\box56
\LT@lastfoot=\box57
\LT@cols=\count289
\LT@rows=\count290
\c@LT@tables=\count291
\c@LT@chunks=\count292
\LT@p@ftn=\toks20
)
Class scrartcl Info: longtable captions redefined on input line 16.

(/usr/share/texlive/texmf-dist/tex/latex/setspace/setspace.sty
Package: setspace 2011/12/19 v6.7a set line spacing
) (./title.aux)
\openout1 = `title.aux'.

LaTeX Font Info:    Checking defaults for OML/cmm/m/it on input line 20.
LaTeX Font Info:    ... okay on input line 20.
LaTeX Font Info:    Checking defaults for T1/cmr/m/n on input line 20.
LaTeX Font Info:    ... okay on input line 20.
LaTeX Font Info:    Checking defaults for OT1/cmr/m/n on input line 20.
LaTeX Font Info:    ... okay on input line 20.
LaTeX Font Info:    Checking defaults for OMS/cmsy/m/n on input line 20.
LaTeX Font Info:    ... okay on input line 20.
LaTeX Font Info:    Checking defaults for TU/lmr/m/n on input line 20.
LaTeX Font Info:    ... okay on input line 20.
LaTeX Font Info:    Checking defaults for OMX/cmex/m/n on input line 20.
LaTeX Font Info:    ... okay on input line 20.
LaTeX Font Info:    Checking defaults for U/cmr/m/n on input line 20.
LaTeX Font Info:    ... okay on input line 20.
LaTeX Font Info:    Checking defaults for PD1/pdf/m/n on input line 20.
LaTeX Font Info:    ... okay on input line 20.
LaTeX Font Info:    Checking defaults for PU/pdf/m/n on input line 20.
LaTeX Font Info:    ... okay on input line 20.
.................................................
. fontspec info: "setup-math"
. 
. Adjusting the maths setup (use [no-math] to avoid this).
.................................................
\symlegacymaths=\mathgroup4
LaTeX Font Info:    Overwriting symbol font `legacymaths' in version `bold'
(Font)                  OT1/cmr/m/n --> OT1/cmr/bx/n on input line 20.
LaTeX Font Info:    Redeclaring math accent \acute on input line 20.
LaTeX Font Info:    Redeclaring math accent \grave on input line 20.
LaTeX Font Info:    Redeclaring math accent \ddot on input line 20.
LaTeX Font Info:    Redeclaring math accent \tilde on input line 20.
LaTeX Font Info:    Redeclaring math accent \bar on input line 20.
LaTeX Font Info:    Redeclaring math accent \breve on input line 20.
LaTeX Font Info:    Redeclaring math accent \check on input line 20.
LaTeX Font Info:    Redeclaring math accent \hat on input line 20.
LaTeX Font Info:    Redeclaring math accent \dot on input line 20.
LaTeX Font Info:    Redeclaring math accent \mathring on input line 20.
LaTeX Font Info:    Redeclaring math symbol \colon on input line 20.
LaTeX Font Info:    Redeclaring math symbol \Gamma on input line 20.
LaTeX Font Info:    Redeclaring math symbol \Delta on input line 20.
LaTeX Font Info:    Redeclaring math symbol \Theta on input line 20.
LaTeX Font Info:    Redeclaring math symbol \Lambda on input line 20.
LaTeX Font Info:    Redeclaring math symbol \Xi on input line 20.
LaTeX Font Info:    Redeclaring math symbol \Pi on input line 20.
LaTeX Font Info:    Redeclaring math symbol \Sigma on input line 20.
LaTeX Font Info:    Redeclaring math symbol \Upsilon on input line 20.
LaTeX Font Info:    Redeclaring math symbol \Phi on input line 20.
LaTeX Font Info:    Redeclaring math symbol \Psi on input line 20.
LaTeX Font Info:    Redeclaring math symbol \Omega on input line 20.
LaTeX Font Info:    Redeclaring math symbol \mathdollar on input line 20.
LaTeX Font Info:    Redeclaring symbol font `operators' on input line 20.
LaTeX Font Info:    Encoding `OT1' has changed to `TU' for symbol font
(Font)              `operators' in the math version `normal' on input line 20.
LaTeX Font Info:    Overwriting symbol font `operators' in version `normal'
(Font)                  OT1/cmr/m/n --> TU/BarlowSemiCondensed(0)/m/n on input 
line 20.
LaTeX Font Info:    Encoding `OT1' has changed to `TU' for symbol font
(Font)              `operators' in the math version `bold' on input line 20.
LaTeX Font Info:    Overwriting symbol font `operators' in version `bold'
(Font)                  OT1/cmr/bx/n --> TU/BarlowSemiCondensed(0)/m/n on input
 line 20.
LaTeX Font Info:    Overwriting symbol font `operators' in version `normal'
(Font)                  TU/BarlowSemiCondensed(0)/m/n --> TU/BarlowSemiCondense
d(0)/m/n on input line 20.
LaTeX Font Info:    Overwriting math alphabet `\mathit' in version `normal'
(Font)                  OT1/cmr/m/it --> TU/BarlowSemiCondensed(0)/m/it on inpu
t line 20.
LaTeX Font Info:    Overwriting math alphabet `\mathbf' in version `normal'
(Font)                  OT1/cmr/bx/n --> TU/BarlowSemiCondensed(0)/bx/n on inpu
t line 20.
LaTeX Font Info:    Overwriting math alphabet `\mathsf' in version `normal'
(Font)                  OT1/cmss/m/n --> TU/BarlowSemiCondensed(0)/m/n on input
 line 20.
LaTeX Font Info:    Overwriting math alphabet `\mathtt' in version `normal'
(Font)                  OT1/cmtt/m/n --> TU/lmtt/m/n on input line 20.
LaTeX Font Info:    Overwriting symbol font `operators' in version `bold'
(Font)                  TU/BarlowSemiCondensed(0)/m/n --> TU/BarlowSemiCondense
d(0)/bx/n on input line 20.
LaTeX Font Info:    Overwriting math alphabet `\mathit' in version `bold'
(Font)                  OT1/cmr/bx/it --> TU/BarlowSemiCondensed(0)/bx/it on in
put line 20.
LaTeX Font Info:    Overwriting math alphabet `\mathsf' in version `bold'
(Font)                  OT1/cmss/bx/n --> TU/BarlowSemiCondensed(0)/bx/n on inp
ut line 20.
LaTeX Font Info:    Overwriting math alphabet `\mathtt' in version `bold'
(Font)                  OT1/cmtt/m/n --> TU/lmtt/bx/n on input line 20.
\AtBeginShipoutBox=\box58
Package hyperref Info: Link coloring OFF on input line 20.

(/usr/share/texlive/texmf-dist/tex/latex/hyperref/nameref.sty
Package: nameref 2016/05/21 v2.44 Cross-referencing by name of section

(/usr/share/texlive/texmf-dist/tex/generic/oberdiek/gettitlestring.sty
Package: gettitlestring 2016/05/16 v1.5 Cleanup title references (HO)
)
\c@section@level=\count293
)
LaTeX Info: Redefining \ref on input line 20.
LaTeX Info: Redefining \pageref on input line 20.
LaTeX Info: Redefining \nameref on input line 20.

(./title.out) (./title.out)
\@outlinefile=\write3
\openout3 = `title.out'.

Package caption Info: Begin \AtBeginDocument code.
Package caption Info: longtable package is loaded.

(/usr/share/texlive/texmf-dist/tex/latex/caption/ltcaption.sty
Package: ltcaption 2013/06/09 v1.4-94 longtable captions (AR)
)
Package caption Info: End \AtBeginDocument code.

(/usr/share/texlive/texmf-dist/tex/latex/translator/translator-basic-dictionary
-English.dict
Dictionary: translator-basic-dictionary, Language: English 
)
(/usr/share/texlive/texmf-dist/tex/latex/siunitx/siunitx-abbreviations.cfg
File: siunitx-abbreviations.cfg 2017/11/26 v2.7k siunitx: Abbreviated units
)
\c__siunitx_mathsf_int=\count294
LaTeX Font Info:    External font `cmex10' loaded for size
(Font)              <10.95> on input line 20.
LaTeX Font Info:    External font `cmex10' loaded for size
(Font)              <8> on input line 20.
LaTeX Font Info:    External font `cmex10' loaded for size
(Font)              <6> on input line 20.
\c__siunitx_mathtt_int=\count295
File: /home/rosteam/Desktop/Viplav_thesis/latex-rwustyle-master/title/rwustyle/
rwulogo.eps Graphic file (type eps)
</home/rosteam/Desktop/Viplav_thesis/latex-rwustyle-master/title/rwustyle/rwulo
go.eps>
File: /home/rosteam/Desktop/Viplav_thesis/latex-rwustyle-master/title/rwustyle/
ALTEN-Logo.png Graphic file (type bmp)
</home/rosteam/Desktop/Viplav_thesis/latex-rwustyle-master/title/rwustyle/ALTEN
-Logo.png>

Overfull \hbox (24.0pt too wide) in alignment at lines 46--51
 [] [] 
 []

Package atveryend Info: Empty hook `BeforeClearDocument' on input line 62.
(/usr/share/texlive/texmf-dist/tex/generic/oberdiek/se-ascii-print.def
File: se-ascii-print.def 2016/05/16 v1.11 stringenc: Printable ASCII characters

)
[1

]
Package atveryend Info: Empty hook `AfterLastShipout' on input line 62.
 (./title.aux)
Package atveryend Info: Empty hook `AtVeryEndDocument' on input line 62.
Package atveryend Info: Empty hook `AtEndAfterFileList' on input line 62.
Package atveryend Info: Empty hook `AtVeryVeryEnd' on input line 62.
 ) 
Here is how much of TeX's memory you used:
 25547 strings out of 493007
 507917 string characters out of 6136718
 777198 words of memory out of 5000000
 29293 multiletter control sequences out of 15000+600000
 533531 words of font info for 52 fonts, out of 8000000 for 9000
 1348 hyphenation exceptions out of 8191
 55i,7n,71p,10409b,746s stack positions out of 5000i,500n,10000p,200000b,80000s

Output written on title.pdf (1 page).
